This is pdfTeX, Version 3.14159265-2.6-1.40.20 (TeX Live 2019/Debian) (preloaded format=pdflatex 2022.2.18)  14 FEB 2023 11:08
entering extended mode
 restricted \write18 enabled.
 file:line:error style messages enabled.
 %&-line parsing enabled.
**/home/leo/Escritorio/Uware/1_imagenes/underwater_id/documentacion_iteracion1/Ejercicios_LeopoldoCadavid.tex
(/home/leo/Escritorio/Uware/1_imagenes/underwater_id/documentacion_iteracion1/Ejercicios_LeopoldoCadavid.tex
LaTeX2e <2020-02-02> patch level 2
L3 programming layer <2020-02-14> (/usr/share/texlive/texmf-dist/tex/latex/base/article.cls
Document Class: article 2019/12/20 v1.4l Standard LaTeX document class
(/usr/share/texlive/texmf-dist/tex/latex/base/size12.clo
File: size12.clo 2019/12/20 v1.4l Standard LaTeX file (size option)
)
\c@part=\count167
\c@section=\count168
\c@subsection=\count169
\c@subsubsection=\count170
\c@paragraph=\count171
\c@subparagraph=\count172
\c@figure=\count173
\c@table=\count174
\abovecaptionskip=\skip47
\belowcaptionskip=\skip48
\bibindent=\dimen134
) (/usr/share/texlive/texmf-dist/tex/latex/amsmath/amsmath.sty
Package: amsmath 2020/01/20 v2.17e AMS math features
\@mathmargin=\skip49

For additional information on amsmath, use the `?' option.
(/usr/share/texlive/texmf-dist/tex/latex/amsmath/amstext.sty
Package: amstext 2000/06/29 v2.01 AMS text
 (/usr/share/texlive/texmf-dist/tex/latex/amsmath/amsgen.sty
File: amsgen.sty 1999/11/30 v2.0 generic functions
\@emptytoks=\toks14
\ex@=\dimen135
)) (/usr/share/texlive/texmf-dist/tex/latex/amsmath/amsbsy.sty
Package: amsbsy 1999/11/29 v1.2d Bold Symbols
\pmbraise@=\dimen136
) (/usr/share/texlive/texmf-dist/tex/latex/amsmath/amsopn.sty
Package: amsopn 2016/03/08 v2.02 operator names
)
\inf@bad=\count175
LaTeX Info: Redefining \frac on input line 227.
\uproot@=\count176
\leftroot@=\count177
LaTeX Info: Redefining \overline on input line 389.
\classnum@=\count178
\DOTSCASE@=\count179
LaTeX Info: Redefining \ldots on input line 486.
LaTeX Info: Redefining \dots on input line 489.
LaTeX Info: Redefining \cdots on input line 610.
\Mathstrutbox@=\box45
\strutbox@=\box46
\big@size=\dimen137
LaTeX Font Info:    Redeclaring font encoding OML on input line 733.
LaTeX Font Info:    Redeclaring font encoding OMS on input line 734.
\macc@depth=\count180
\c@MaxMatrixCols=\count181
\dotsspace@=\muskip16
\c@parentequation=\count182
\dspbrk@lvl=\count183
\tag@help=\toks15
\row@=\count184
\column@=\count185
\maxfields@=\count186
\andhelp@=\toks16
\eqnshift@=\dimen138
\alignsep@=\dimen139
\tagshift@=\dimen140
\tagwidth@=\dimen141
\totwidth@=\dimen142
\lineht@=\dimen143
\@envbody=\toks17
\multlinegap=\skip50
\multlinetaggap=\skip51
\mathdisplay@stack=\toks18
LaTeX Info: Redefining \[ on input line 2859.
LaTeX Info: Redefining \] on input line 2860.
) (/usr/share/texlive/texmf-dist/tex/latex/base/inputenc.sty
Package: inputenc 2018/08/11 v1.3c Input encoding file
\inpenc@prehook=\toks19
\inpenc@posthook=\toks20
) (/usr/share/texlive/texmf-dist/tex/generic/babel/babel.sty
Package: babel 2020/02/14 3.40 The Babel package
 (/usr/share/texlive/texmf-dist/tex/generic/babel/switch.def
File: switch.def 2020/02/14 3.40 Babel switching mechanism
) (/usr/share/texlive/texmf-dist/tex/generic/babel-english/english.ldf
Language: english 2017/06/06 v3.3r English support from the babel system
 (/usr/share/texlive/texmf-dist/tex/generic/babel/babel.def
File: babel.def 2020/02/14 3.40 Babel common definitions
\babel@savecnt=\count187
\U@D=\dimen144
 (/usr/share/texlive/texmf-dist/tex/generic/babel/txtbabel.def)
\bbl@readstream=\read2
\bbl@dirlevel=\count188
)
Package babel Info: \l@canadian = using hyphenrules for english
(babel)             (\language0) on input line 102.
Package babel Info: \l@australian = using hyphenrules for ukenglish
(babel)             (\language45) on input line 105.
Package babel Info: \l@newzealand = using hyphenrules for ukenglish
(babel)             (\language45) on input line 108.
)) (/usr/share/texlive/texmf-dist/tex/latex/hyperref/hyperref.sty
Package: hyperref 2020/01/14 v7.00d Hypertext links for LaTeX
 (/usr/share/texlive/texmf-dist/tex/generic/ltxcmds/ltxcmds.sty
Package: ltxcmds 2019/12/15 v1.24 LaTeX kernel commands for general use (HO)
) (/usr/share/texlive/texmf-dist/tex/generic/iftex/iftex.sty
Package: iftex 2019/11/07 v1.0c TeX engine tests
) (/usr/share/texlive/texmf-dist/tex/latex/pdftexcmds/pdftexcmds.sty
Package: pdftexcmds 2019/11/24 v0.31 Utility functions of pdfTeX for LuaTeX (HO)
 (/usr/share/texlive/texmf-dist/tex/generic/infwarerr/infwarerr.sty
Package: infwarerr 2019/12/03 v1.5 Providing info/warning/error messages (HO)
)
Package pdftexcmds Info: \pdf@primitive is available.
Package pdftexcmds Info: \pdf@ifprimitive is available.
Package pdftexcmds Info: \pdfdraftmode found.
) (/usr/share/texlive/texmf-dist/tex/latex/graphics/keyval.sty
Package: keyval 2014/10/28 v1.15 key=value parser (DPC)
\KV@toks@=\toks21
) (/usr/share/texlive/texmf-dist/tex/generic/kvsetkeys/kvsetkeys.sty
Package: kvsetkeys 2019/12/15 v1.18 Key value parser (HO)
) (/usr/share/texlive/texmf-dist/tex/generic/kvdefinekeys/kvdefinekeys.sty
Package: kvdefinekeys 2019-12-19 v1.6 Define keys (HO)
) (/usr/share/texlive/texmf-dist/tex/generic/pdfescape/pdfescape.sty
Package: pdfescape 2019/12/09 v1.15 Implements pdfTeX's escape features (HO)
) (/usr/share/texlive/texmf-dist/tex/latex/hycolor/hycolor.sty
Package: hycolor 2020-01-27 v1.10 Color options for hyperref/bookmark (HO)
) (/usr/share/texlive/texmf-dist/tex/latex/letltxmacro/letltxmacro.sty
Package: letltxmacro 2019/12/03 v1.6 Let assignment for LaTeX macros (HO)
) (/usr/share/texlive/texmf-dist/tex/latex/auxhook/auxhook.sty
Package: auxhook 2019-12-17 v1.6 Hooks for auxiliary files (HO)
) (/usr/share/texlive/texmf-dist/tex/latex/kvoptions/kvoptions.sty
Package: kvoptions 2019/11/29 v3.13 Key value format for package options (HO)
)
\@linkdim=\dimen145
\Hy@linkcounter=\count189
\Hy@pagecounter=\count190
 (/usr/share/texlive/texmf-dist/tex/latex/hyperref/pd1enc.def
File: pd1enc.def 2020/01/14 v7.00d Hyperref: PDFDocEncoding definition (HO)
Now handling font encoding PD1 ...
... no UTF-8 mapping file for font encoding PD1
) (/usr/share/texlive/texmf-dist/tex/generic/intcalc/intcalc.sty
Package: intcalc 2019/12/15 v1.3 Expandable calculations with integers (HO)
) (/usr/share/texlive/texmf-dist/tex/generic/etexcmds/etexcmds.sty
Package: etexcmds 2019/12/15 v1.7 Avoid name clashes with e-TeX commands (HO)
)
\Hy@SavedSpaceFactor=\count191
\pdfmajorversion=\count192
Package hyperref Info: Hyper figures OFF on input line 4547.
Package hyperref Info: Link nesting OFF on input line 4552.
Package hyperref Info: Hyper index ON on input line 4555.
Package hyperref Info: Plain pages OFF on input line 4562.
Package hyperref Info: Backreferencing OFF on input line 4567.
Package hyperref Info: Implicit mode ON; LaTeX internals redefined.
Package hyperref Info: Bookmarks ON on input line 4800.
\c@Hy@tempcnt=\count193
 (/usr/share/texlive/texmf-dist/tex/latex/url/url.sty
\Urlmuskip=\muskip17
Package: url 2013/09/16  ver 3.4  Verb mode for urls, etc.
)
LaTeX Info: Redefining \url on input line 5159.
\XeTeXLinkMargin=\dimen146
 (/usr/share/texlive/texmf-dist/tex/generic/bitset/bitset.sty
Package: bitset 2019/12/09 v1.3 Handle bit-vector datatype (HO)
 (/usr/share/texlive/texmf-dist/tex/generic/bigintcalc/bigintcalc.sty
Package: bigintcalc 2019/12/15 v1.5 Expandable calculations on big integers (HO)
))
\Fld@menulength=\count194
\Field@Width=\dimen147
\Fld@charsize=\dimen148
Package hyperref Info: Hyper figures OFF on input line 6430.
Package hyperref Info: Link nesting OFF on input line 6435.
Package hyperref Info: Hyper index ON on input line 6438.
Package hyperref Info: backreferencing OFF on input line 6445.
Package hyperref Info: Link coloring OFF on input line 6450.
Package hyperref Info: Link coloring with OCG OFF on input line 6455.
Package hyperref Info: PDF/A mode OFF on input line 6460.
LaTeX Info: Redefining \ref on input line 6500.
LaTeX Info: Redefining \pageref on input line 6504.
 (/usr/share/texlive/texmf-dist/tex/generic/atbegshi/atbegshi.sty
Package: atbegshi 2019/12/05 v1.19 At begin shipout hook (HO)
)
\Hy@abspage=\count195
\c@Item=\count196
\c@Hfootnote=\count197
)
Package hyperref Info: Driver (autodetected): hpdftex.
 (/usr/share/texlive/texmf-dist/tex/latex/hyperref/hpdftex.def
File: hpdftex.def 2020/01/14 v7.00d Hyperref driver for pdfTeX
 (/usr/share/texlive/texmf-dist/tex/latex/atveryend/atveryend.sty
Package: atveryend 2019-12-11 v1.11 Hooks at the very end of document (HO)
Package atveryend Info: \enddocument detected (standard20110627).
)
\Fld@listcount=\count198
\c@bookmark@seq@number=\count199
 (/usr/share/texlive/texmf-dist/tex/latex/rerunfilecheck/rerunfilecheck.sty
Package: rerunfilecheck 2019/12/05 v1.9 Rerun checks for auxiliary files (HO)
 (/usr/share/texlive/texmf-dist/tex/generic/uniquecounter/uniquecounter.sty
Package: uniquecounter 2019/12/15 v1.4 Provide unlimited unique counter (HO)
)
Package uniquecounter Info: New unique counter `rerunfilecheck' on input line 286.
)
\Hy@SectionHShift=\skip52
) (/usr/share/texlive/texmf-dist/tex/latex/graphics/graphicx.sty
Package: graphicx 2019/11/30 v1.2a Enhanced LaTeX Graphics (DPC,SPQR)
 (/usr/share/texlive/texmf-dist/tex/latex/graphics/graphics.sty
Package: graphics 2019/11/30 v1.4a Standard LaTeX Graphics (DPC,SPQR)
 (/usr/share/texlive/texmf-dist/tex/latex/graphics/trig.sty
Package: trig 2016/01/03 v1.10 sin cos tan (DPC)
) (/usr/share/texlive/texmf-dist/tex/latex/graphics-cfg/graphics.cfg
File: graphics.cfg 2016/06/04 v1.11 sample graphics configuration
)
Package graphics Info: Driver file: pdftex.def on input line 105.
 (/usr/share/texlive/texmf-dist/tex/latex/graphics-def/pdftex.def
File: pdftex.def 2018/01/08 v1.0l Graphics/color driver for pdftex
))
\Gin@req@height=\dimen149
\Gin@req@width=\dimen150
) (/usr/share/texlive/texmf-dist/tex/latex/float/float.sty
Package: float 2001/11/08 v1.3d Float enhancements (AL)
\c@float@type=\count266
\float@exts=\toks22
\float@box=\box47
\@float@everytoks=\toks23
\@floatcapt=\box48
) (/usr/share/texlive/texmf-dist/tex/latex/eso-pic/eso-pic.sty
Package: eso-pic 2018/04/12 v2.0h eso-pic (RN)
 (/usr/share/texlive/texmf-dist/tex/latex/xcolor/xcolor.sty
Package: xcolor 2016/05/11 v2.12 LaTeX color extensions (UK)
 (/usr/share/texlive/texmf-dist/tex/latex/graphics-cfg/color.cfg
File: color.cfg 2016/01/02 v1.6 sample color configuration
)
Package xcolor Info: Driver file: pdftex.def on input line 225.
Package xcolor Info: Model `cmy' substituted by `cmy0' on input line 1348.
Package xcolor Info: Model `hsb' substituted by `rgb' on input line 1352.
Package xcolor Info: Model `RGB' extended on input line 1364.
Package xcolor Info: Model `HTML' substituted by `rgb' on input line 1366.
Package xcolor Info: Model `Hsb' substituted by `hsb' on input line 1367.
Package xcolor Info: Model `tHsb' substituted by `hsb' on input line 1368.
Package xcolor Info: Model `HSB' substituted by `hsb' on input line 1369.
Package xcolor Info: Model `Gray' substituted by `gray' on input line 1370.
Package xcolor Info: Model `wave' substituted by `hsb' on input line 1371.
)) (/usr/share/texlive/texmf-dist/tex/latex/lipsum/lipsum.sty (/usr/share/texlive/texmf-dist/tex/latex/l3kernel/expl3.sty
Package: expl3 2020-02-14 L3 programming layer (loader) 
 (/usr/share/texlive/texmf-dist/tex/latex/l3backend/l3backend-pdfmode.def
File: l3backend-pdfmode.def 2020-02-03 L3 backend support: PDF mode
\l__kernel_color_stack_int=\count267
\l__pdf_internal_box=\box49
)) (/usr/share/texlive/texmf-dist/tex/latex/l3packages/xparse/xparse.sty
Package: xparse 2020-02-14 L3 Experimental document command parser
\l__xparse_current_arg_int=\count268
\g__xparse_grabber_int=\count269
\l__xparse_m_args_int=\count270
\l__xparse_v_nesting_int=\count271
)
Package: lipsum 2019/01/02 v2.2 150 paragraphs of Lorem Ipsum dummy text
 (/usr/share/texlive/texmf-dist/tex/latex/lipsum/lipsum.ltd.tex
File: lipsum.ltd.tex 2019/01/02 v2.2 The Lorem ipsum dummy text
)) (/usr/share/texlive/texmf-dist/tex/latex/transparent/transparent.sty
Package: transparent 2019/11/29 v1.4 Transparency via pdfTeX's color stack (HO)
) (/usr/share/texlive/texmf-dist/tex/latex/parskip/parskip.sty
Package: parskip 2020-01-22 v2.0d non-zero parskip adjustments
 (/usr/share/texlive/texmf-dist/tex/latex/etoolbox/etoolbox.sty
Package: etoolbox 2019/09/21 v2.5h e-TeX tools for LaTeX (JAW)
\etb@tempcnta=\count272
)) (/home/leo/Escritorio/Uware/1_imagenes/underwater_id/documentacion_iteracion1/Ejercicios_LeopoldoCadavid.aux)
\openout1 = `Ejercicios_LeopoldoCadavid.aux'.

LaTeX Font Info:    Checking defaults for OML/cmm/m/it on input line 51.
LaTeX Font Info:    ... okay on input line 51.
LaTeX Font Info:    Checking defaults for OMS/cmsy/m/n on input line 51.
LaTeX Font Info:    ... okay on input line 51.
LaTeX Font Info:    Checking defaults for OT1/cmr/m/n on input line 51.
LaTeX Font Info:    ... okay on input line 51.
LaTeX Font Info:    Checking defaults for T1/cmr/m/n on input line 51.
LaTeX Font Info:    ... okay on input line 51.
LaTeX Font Info:    Checking defaults for TS1/cmr/m/n on input line 51.
LaTeX Font Info:    ... okay on input line 51.
LaTeX Font Info:    Checking defaults for OMX/cmex/m/n on input line 51.
LaTeX Font Info:    ... okay on input line 51.
LaTeX Font Info:    Checking defaults for U/cmr/m/n on input line 51.
LaTeX Font Info:    ... okay on input line 51.
LaTeX Font Info:    Checking defaults for PD1/pdf/m/n on input line 51.
LaTeX Font Info:    ... okay on input line 51.
\AtBeginShipoutBox=\box50
Package hyperref Info: Link coloring OFF on input line 51.
 (/usr/share/texlive/texmf-dist/tex/latex/hyperref/nameref.sty
Package: nameref 2019/09/16 v2.46 Cross-referencing by name of section
 (/usr/share/texlive/texmf-dist/tex/latex/refcount/refcount.sty
Package: refcount 2019/12/15 v3.6 Data extraction from label references (HO)
) (/usr/share/texlive/texmf-dist/tex/generic/gettitlestring/gettitlestring.sty
Package: gettitlestring 2019/12/15 v1.6 Cleanup title references (HO)
)
\c@section@level=\count273
)
LaTeX Info: Redefining \ref on input line 51.
LaTeX Info: Redefining \pageref on input line 51.
LaTeX Info: Redefining \nameref on input line 51.
 (/home/leo/Escritorio/Uware/1_imagenes/underwater_id/documentacion_iteracion1/Ejercicios_LeopoldoCadavid.out) (/home/leo/Escritorio/Uware/1_imagenes/underwater_id/documentacion_iteracion1/Ejercicios_LeopoldoCadavid.out)
\@outlinefile=\write3
\openout3 = `Ejercicios_LeopoldoCadavid.out'.

 (/usr/share/texlive/texmf-dist/tex/context/base/mkii/supp-pdf.mkii
[Loading MPS to PDF converter (version 2006.09.02).]
\scratchcounter=\count274
\scratchdimen=\dimen151
\scratchbox=\box51
\nofMPsegments=\count275
\nofMParguments=\count276
\everyMPshowfont=\toks24
\MPscratchCnt=\count277
\MPscratchDim=\dimen152
\MPnumerator=\count278
\makeMPintoPDFobject=\count279
\everyMPtoPDFconversion=\toks25
) (/usr/share/texlive/texmf-dist/tex/latex/epstopdf-pkg/epstopdf-base.sty
Package: epstopdf-base 2020-01-24 v2.11 Base part for package epstopdf
Package epstopdf-base Info: Redefining graphics rule for `.eps' on input line 485.
 (/usr/share/texlive/texmf-dist/tex/latex/latexconfig/epstopdf-sys.cfg
File: epstopdf-sys.cfg 2010/07/13 v1.3 Configuration of (r)epstopdf for TeX Live
))
<images_doc/titel.png, id=44, 593.21625pt x 415.5525pt>
File: images_doc/titel.png Graphic file (type png)
<use images_doc/titel.png>
Package pdftex.def Info: images_doc/titel.png  used on input line 57.
(pdftex.def)             Requested size: 296.60739pt x 207.77574pt.
<uware_logo.png, id=46, 521.95pt x 534.99875pt>
File: uware_logo.png Graphic file (type png)
<use uware_logo.png>
Package pdftex.def Info: uware_logo.png  used on input line 62.
(pdftex.def)             Requested size: 52.19804pt x 53.503pt.
 [1

{/var/lib/texmf/fonts/map/pdftex/updmap/pdftex.map} </home/leo/Escritorio/Uware/1_imagenes/underwater_id/documentacion_iteracion1/uware_logo.png> </home/leo/Escritorio/Uware/1_imagenes/underwater_id/documentacion_iteracion1/images_doc/titel.png>] (/home/leo/Escritorio/Uware/1_imagenes/underwater_id/documentacion_iteracion1/Ejercicios_LeopoldoCadavid.toc)
\tf@toc=\write4
\openout4 = `Ejercicios_LeopoldoCadavid.toc'.

File: uware_logo.png Graphic file (type png)
<use uware_logo.png>
Package pdftex.def Info: uware_logo.png  used on input line 64.
(pdftex.def)             Requested size: 52.19804pt x 53.503pt.
 [2]
Overfull \hbox (0.35706pt too wide) in paragraph at lines 121--124
[]\OT1/cmr/m/n/12 The re-sults re-ceived from those trans-for-ma-tions ap-plied to our pic-ture weren't
 []

File: uware_logo.png Graphic file (type png)
<use uware_logo.png>
Package pdftex.def Info: uware_logo.png  used on input line 124.
(pdftex.def)             Requested size: 52.19804pt x 53.503pt.
[3]
<images_doc/preprocess.png, id=79, 703.62875pt x 251.94125pt>
File: images_doc/preprocess.png Graphic file (type png)
<use images_doc/preprocess.png>
Package pdftex.def Info: images_doc/preprocess.png  used on input line 150.
(pdftex.def)             Requested size: 211.09026pt x 75.58295pt.
<images_doc/filtradobilat.png, id=80, 356.33125pt x 252.945pt>
File: images_doc/filtradobilat.png Graphic file (type png)
<use images_doc/filtradobilat.png>
Package pdftex.def Info: images_doc/filtradobilat.png  used on input line 159.
(pdftex.def)             Requested size: 106.90019pt x 75.88408pt.
<images_doc/meanshift.png, id=81, 339.2675pt x 240.9pt>
File: images_doc/meanshift.png Graphic file (type png)
<use images_doc/meanshift.png>
Package pdftex.def Info: images_doc/meanshift.png  used on input line 168.
(pdftex.def)             Requested size: 101.78102pt x 72.27055pt.
File: uware_logo.png Graphic file (type png)
<use uware_logo.png>
Package pdftex.def Info: uware_logo.png  used on input line 171.
(pdftex.def)             Requested size: 52.19804pt x 53.503pt.
 [4pdfTeX warning (ext4): destination with the same identifier (name{figure.1}) has been already used, duplicate ignored

\AtBegShi@Output ...ipout \box \AtBeginShipoutBox 
                                                  \fi \fi 
l.171     \end{figure}
                      pdfTeX warning (ext4): destination with the same identifier (name{figure.2}) has been already used, duplicate ignored

\AtBegShi@Output ...ipout \box \AtBeginShipoutBox 
                                                  \fi \fi 
l.171     \end{figure}
                       </home/leo/Escritorio/Uware/1_imagenes/underwater_id/documentacion_iteracion1/images_doc/preprocess.png> </home/leo/Escritorio/Uware/1_imagenes/underwater_id/documentacion_iteracion1/images_doc/filtradobilat.png>]
<images_doc/gradientes.png, id=90, 1046.91125pt x 254.9525pt>
File: images_doc/gradientes.png Graphic file (type png)
<use images_doc/gradientes.png>
Package pdftex.def Info: images_doc/gradientes.png  used on input line 180.
(pdftex.def)             Requested size: 314.0758pt x 76.48633pt.
<images_doc/bordes.png, id=91, 992.70876pt x 245.91875pt>
File: images_doc/bordes.png Graphic file (type png)
<use images_doc/bordes.png>
Package pdftex.def Info: images_doc/bordes.png  used on input line 190.
(pdftex.def)             Requested size: 297.81493pt x 73.77618pt.
<images_doc/bordes_erode.png, id=92, 1060.96375pt x 249.93375pt>
File: images_doc/bordes_erode.png Graphic file (type png)
<use images_doc/bordes_erode.png>
Package pdftex.def Info: images_doc/bordes_erode.png  used on input line 201.
(pdftex.def)             Requested size: 318.29158pt x 74.9807pt.
File: uware_logo.png Graphic file (type png)
<use uware_logo.png>
Package pdftex.def Info: uware_logo.png  used on input line 205.
(pdftex.def)             Requested size: 52.19804pt x 53.503pt.
 [5pdfTeX warning (ext4): destination with the same identifier (name{figure.3}) has been already used, duplicate ignored

\AtBegShi@Output ...ipout \box \AtBeginShipoutBox 
                                                  \fi \fi 
l.205 
      pdfTeX warning (ext4): destination with the same identifier (name{figure.4}) has been already used, duplicate ignored

\AtBegShi@Output ...ipout \box \AtBeginShipoutBox 
                                                  \fi \fi 
l.205 
      pdfTeX warning (ext4): destination with the same identifier (name{figure.5}) has been already used, duplicate ignored

\AtBegShi@Output ...ipout \box \AtBeginShipoutBox 
                                                  \fi \fi 
l.205 
       </home/leo/Escritorio/Uware/1_imagenes/underwater_id/documentacion_iteracion1/images_doc/meanshift.png> </home/leo/Escritorio/Uware/1_imagenes/underwater_id/documentacion_iteracion1/images_doc/gradientes.png> </home/leo/Escritorio/Uware/1_imagenes/underwater_id/documentacion_iteracion1/images_doc/bordes.png>]
<images_doc/lineas_separada.png, id=104, 997.7275pt x 250.9375pt>
File: images_doc/lineas_separada.png Graphic file (type png)
<use images_doc/lineas_separada.png>
Package pdftex.def Info: images_doc/lineas_separada.png  used on input line 213.
(pdftex.def)             Requested size: 299.32056pt x 75.28181pt.
<images_doc/all_lines.png, id=105, 227.85126pt x 172.645pt>
File: images_doc/all_lines.png Graphic file (type png)
<use images_doc/all_lines.png>
Package pdftex.def Info: images_doc/all_lines.png  used on input line 231.
(pdftex.def)             Requested size: 68.3559pt x 51.79388pt.
File: uware_logo.png Graphic file (type png)
<use uware_logo.png>
Package pdftex.def Info: uware_logo.png  used on input line 248.
(pdftex.def)             Requested size: 52.19804pt x 53.503pt.
 [6pdfTeX warning (ext4): destination with the same identifier (name{figure.6}) has been already used, duplicate ignored

\AtBegShi@Output ...ipout \box \AtBeginShipoutBox 
                                                  \fi \fi 
l.248     \item T
                 he distances in X and Y of the initial points of each line ...pdfTeX warning (ext4): destination with the same identifier (name{figure.7}) has been already used, duplicate ignored

\AtBegShi@Output ...ipout \box \AtBeginShipoutBox 
                                                  \fi \fi 
l.248     \item T
                 he distances in X and Y of the initial points of each line ...pdfTeX warning (ext4): destination with the same identifier (name{figure.8}) has been already used, duplicate ignored

\AtBegShi@Output ...ipout \box \AtBeginShipoutBox 
                                                  \fi \fi 
l.248     \item T
                 he distances in X and Y of the initial points of each line ... </home/leo/Escritorio/Uware/1_imagenes/underwater_id/documentacion_iteracion1/images_doc/bordes_erode.png> </home/leo/Escritorio/Uware/1_imagenes/underwater_id/documentacion_iteracion1/images_doc/lineas_separada.png> </home/leo/Escritorio/Uware/1_imagenes/underwater_id/documentacion_iteracion1/images_doc/all_lines.png>]
<images_doc/img1.png, id=116, 717.68124pt x 373.395pt>
File: images_doc/img1.png Graphic file (type png)
<use images_doc/img1.png>
Package pdftex.def Info: images_doc/img1.png  used on input line 266.
(pdftex.def)             Requested size: 93.60214pt x 48.69688pt.
<images_doc/img2.png, id=117, 378.41376pt x 283.0575pt>
File: images_doc/img2.png Graphic file (type png)
<use images_doc/img2.png>
Package pdftex.def Info: images_doc/img2.png  used on input line 267.
(pdftex.def)             Requested size: 93.60214pt x 70.01266pt.
<images_doc/img3.png, id=118, 228.855pt x 171.64125pt>
File: images_doc/img3.png Graphic file (type png)
<use images_doc/img3.png>
Package pdftex.def Info: images_doc/img3.png  used on input line 268.
(pdftex.def)             Requested size: 93.60214pt x 70.2005pt.
<images_doc/img4.png, id=119, 318.18875pt x 232.87pt>
File: images_doc/img4.png Graphic file (type png)
<use images_doc/img4.png>
Package pdftex.def Info: images_doc/img4.png  used on input line 269.
(pdftex.def)             Requested size: 93.60214pt x 68.50061pt.
<images_doc/img5.png, id=120, 447.6725pt x 353.32pt>
File: images_doc/img5.png Graphic file (type png)
<use images_doc/img5.png>
Package pdftex.def Info: images_doc/img5.png  used on input line 271.
(pdftex.def)             Requested size: 93.60214pt x 73.87051pt.
<images_doc/img6.png, id=121, 257.96375pt x 190.7125pt>
File: images_doc/img6.png Graphic file (type png)
<use images_doc/img6.png>
Package pdftex.def Info: images_doc/img6.png  used on input line 272.
(pdftex.def)             Requested size: 93.60214pt x 69.19771pt.
<images_doc/img7.png, id=122, 229.85875pt x 174.6525pt>
File: images_doc/img7.png Graphic file (type png)
<use images_doc/img7.png>
Package pdftex.def Info: images_doc/img7.png  used on input line 273.
(pdftex.def)             Requested size: 93.60214pt x 71.12296pt.
<images_doc/img8.png, id=123, 642.4pt x 312.16624pt>
File: images_doc/img8.png Graphic file (type png)
<use images_doc/img8.png>
Package pdftex.def Info: images_doc/img8.png  used on input line 274.
(pdftex.def)             Requested size: 93.60214pt x 45.48444pt.
File: uware_logo.png Graphic file (type png)
<use uware_logo.png>
Package pdftex.def Info: uware_logo.png  used on input line 281.
(pdftex.def)             Requested size: 52.19804pt x 53.503pt.
 [7pdfTeX warning (ext4): destination with the same identifier (name{figure.9}) has been already used, duplicate ignored

\AtBegShi@Output ...ipout \box \AtBeginShipoutBox 
                                                  \fi \fi 
l.281 \newpage
               </home/leo/Escritorio/Uware/1_imagenes/underwater_id/documentacion_iteracion1/images_doc/img1.png> </home/leo/Escritorio/Uware/1_imagenes/underwater_id/documentacion_iteracion1/images_doc/img2.png> </home/leo/Escritorio/Uware/1_imagenes/underwater_id/documentacion_iteracion1/images_doc/img3.png> </home/leo/Escritorio/Uware/1_imagenes/underwater_id/documentacion_iteracion1/images_doc/img4.png> </home/leo/Escritorio/Uware/1_imagenes/underwater_id/documentacion_iteracion1/images_doc/img5.png> </home/leo/Escritorio/Uware/1_imagenes/underwater_id/documentacion_iteracion1/images_doc/img6.png> </home/leo/Escritorio/Uware/1_imagenes/underwater_id/documentacion_iteracion1/images_doc/img7.png> </home/leo/Escritorio/Uware/1_imagenes/underwater_id/documentacion_iteracion1/images_doc/img8.png>]
<images_doc/img1_results.png, id=139, 1654.18pt x 1004.75375pt>
File: images_doc/img1_results.png Graphic file (type png)
<use images_doc/img1_results.png>
Package pdftex.def Info: images_doc/img1_results.png  used on input line 283.
(pdftex.def)             Requested size: 363.92073pt x 221.04651pt.
File: uware_logo.png Graphic file (type png)
<use uware_logo.png>
Package pdftex.def Info: uware_logo.png  used on input line 287.
(pdftex.def)             Requested size: 52.19804pt x 53.503pt.
 [8pdfTeX warning (ext4): destination with the same identifier (name{figure.10}) has been already used, duplicate ignored

\AtBegShi@Output ...ipout \box \AtBeginShipoutBox 
                                                  \fi \fi 
l.287 \newpage
               </home/leo/Escritorio/Uware/1_imagenes/underwater_id/documentacion_iteracion1/images_doc/img1_results.png>]
<images_doc/img2_results.png, id=146, 1583.9175pt x 990.70125pt>
File: images_doc/img2_results.png Graphic file (type png)
<use images_doc/img2_results.png>
Package pdftex.def Info: images_doc/img2_results.png  used on input line 289.
(pdftex.def)             Requested size: 348.46294pt x 217.95494pt.
File: uware_logo.png Graphic file (type png)
<use uware_logo.png>
Package pdftex.def Info: uware_logo.png  used on input line 292.
(pdftex.def)             Requested size: 52.19804pt x 53.503pt.
 [9pdfTeX warning (ext4): destination with the same identifier (name{figure.11}) has been already used, duplicate ignored

\AtBegShi@Output ...ipout \box \AtBeginShipoutBox 
                                                  \fi \fi 
l.292 \newpage
               </home/leo/Escritorio/Uware/1_imagenes/underwater_id/documentacion_iteracion1/images_doc/img2_results.png>]
<images_doc/img3_results.png, id=153, 1351.0475pt x 695.59875pt>
File: images_doc/img3_results.png Graphic file (type png)
<use images_doc/img3_results.png>
Package pdftex.def Info: images_doc/img3_results.png  used on input line 294.
(pdftex.def)             Requested size: 297.23137pt x 153.0322pt.
File: uware_logo.png Graphic file (type png)
<use uware_logo.png>
Package pdftex.def Info: uware_logo.png  used on input line 298.
(pdftex.def)             Requested size: 52.19804pt x 53.503pt.
 [10pdfTeX warning (ext4): destination with the same identifier (name{figure.12}) has been already used, duplicate ignored

\AtBegShi@Output ...ipout \box \AtBeginShipoutBox 
                                                  \fi \fi 
l.298 \newpage
               </home/leo/Escritorio/Uware/1_imagenes/underwater_id/documentacion_iteracion1/images_doc/img3_results.png>]
<images_doc/img4_results.png, id=160, 1489.565pt x 954.56625pt>
File: images_doc/img4_results.png Graphic file (type png)
<use images_doc/img4_results.png>
Package pdftex.def Info: images_doc/img4_results.png  used on input line 300.
(pdftex.def)             Requested size: 327.7053pt x 210.00522pt.
<images_doc/img5_results.png, id=161, 1624.0675pt x 1023.825pt>
File: images_doc/img5_results.png Graphic file (type png)
<use images_doc/img5_results.png>
Package pdftex.def Info: images_doc/img5_results.png  used on input line 304.
(pdftex.def)             Requested size: 357.29596pt x 225.24219pt.
File: uware_logo.png Graphic file (type png)
<use uware_logo.png>
Package pdftex.def Info: uware_logo.png  used on input line 308.
(pdftex.def)             Requested size: 52.19804pt x 53.503pt.
 [11pdfTeX warning (ext4): destination with the same identifier (name{figure.13}) has been already used, duplicate ignored

\AtBegShi@Output ...ipout \box \AtBeginShipoutBox 
                                                  \fi \fi 
l.308 \newpage
              pdfTeX warning (ext4): destination with the same identifier (name{figure.14}) has been already used, duplicate ignored

\AtBegShi@Output ...ipout \box \AtBeginShipoutBox 
                                                  \fi \fi 
l.308 \newpage
               </home/leo/Escritorio/Uware/1_imagenes/underwater_id/documentacion_iteracion1/images_doc/img4_results.png> </home/leo/Escritorio/Uware/1_imagenes/underwater_id/documentacion_iteracion1/images_doc/img5_results.png>]
<images_doc/img6_results.png, id=170, 1629.08624pt x 1030.85126pt>
File: images_doc/img6_results.png Graphic file (type png)
<use images_doc/img6_results.png>
Package pdftex.def Info: images_doc/img6_results.png  used on input line 310.
(pdftex.def)             Requested size: 358.40009pt x 226.78798pt.
File: uware_logo.png Graphic file (type png)
<use uware_logo.png>
Package pdftex.def Info: uware_logo.png  used on input line 313.
(pdftex.def)             Requested size: 52.19804pt x 53.503pt.
 [12pdfTeX warning (ext4): destination with the same identifier (name{figure.15}) has been already used, duplicate ignored

\AtBegShi@Output ...ipout \box \AtBeginShipoutBox 
                                                  \fi \fi 
l.313 \newpage
               </home/leo/Escritorio/Uware/1_imagenes/underwater_id/documentacion_iteracion1/images_doc/img6_results.png>]
<images_doc/img7_results.png, id=177, 1629.08624pt x 1036.87375pt>
File: images_doc/img7_results.png Graphic file (type png)
<use images_doc/img7_results.png>
Package pdftex.def Info: images_doc/img7_results.png  used on input line 315.
(pdftex.def)             Requested size: 358.40009pt x 228.11293pt.
File: uware_logo.png Graphic file (type png)
<use uware_logo.png>
Package pdftex.def Info: uware_logo.png  used on input line 319.
(pdftex.def)             Requested size: 52.19804pt x 53.503pt.
 [13pdfTeX warning (ext4): destination with the same identifier (name{figure.16}) has been already used, duplicate ignored

\AtBegShi@Output ...ipout \box \AtBeginShipoutBox 
                                                  \fi \fi 
l.319 \newpage
               </home/leo/Escritorio/Uware/1_imagenes/underwater_id/documentacion_iteracion1/images_doc/img7_results.png>]
<images_doc/img8_results.png, id=185, 1631.09375pt x 1022.82124pt>
File: images_doc/img8_results.png Graphic file (type png)
<use images_doc/img8_results.png>
Package pdftex.def Info: images_doc/img8_results.png  used on input line 321.
(pdftex.def)             Requested size: 358.84174pt x 225.02136pt.
Package atveryend Info: Empty hook `BeforeClearDocument' on input line 355.
File: uware_logo.png Graphic file (type png)
<use uware_logo.png>
Package pdftex.def Info: uware_logo.png  used on input line 355.
(pdftex.def)             Requested size: 52.19804pt x 53.503pt.
 [14pdfTeX warning (ext4): destination with the same identifier (name{figure.17}) has been already used, duplicate ignored

\AtBegShi@Output ...ipout \box \AtBeginShipoutBox 
                                                  \fi \fi 
l.355 \end{document}
                     </home/leo/Escritorio/Uware/1_imagenes/underwater_id/documentacion_iteracion1/images_doc/img8_results.png>]
Package atveryend Info: Empty hook `AfterLastShipout' on input line 355.
 (/home/leo/Escritorio/Uware/1_imagenes/underwater_id/documentacion_iteracion1/Ejercicios_LeopoldoCadavid.aux)
Package atveryend Info: Executing hook `AtVeryEndDocument' on input line 355.
Package atveryend Info: Executing hook `AtEndAfterFileList' on input line 355.
Package rerunfilecheck Info: File `Ejercicios_LeopoldoCadavid.out' has not changed.
(rerunfilecheck)             Checksum: 1227253B04B3A62A7F6543AC5AFA8618;535.
Package atveryend Info: Empty hook `AtVeryVeryEnd' on input line 355.
 ) 
Here is how much of TeX's memory you used:
 8138 strings out of 481239
 129415 string characters out of 5920377
 572200 words of memory out of 5000000
 23183 multiletter control sequences out of 15000+600000
 539484 words of font info for 49 fonts, out of 8000000 for 9000
 1141 hyphenation exceptions out of 8191
 35i,14n,41p,1006b,418s stack positions out of 5000i,500n,10000p,200000b,80000s
{/usr/share/texmf/fonts/enc/dvips/cm-super/cm-super-ts1.enc}</usr/share/texlive/texmf-dist/fonts/type1/public/amsfonts/cm/cmbx12.pfb></usr/share/texlive/texmf-dist/fonts/type1/public/amsfonts/cm/cmr12.pfb></usr/share/texlive/texmf-dist/fonts/type1/public/amsfonts/cm/cmr17.pfb></usr/share/texlive/texmf-dist/fonts/type1/public/amsfonts/cm/cmti12.pfb></usr/share/texlive/texmf-dist/fonts/type1/public/amsfonts/cm/cmtt12.pfb></usr/share/texmf/fonts/type1/public/cm-super/sfrm1200.pfb>
Output written on /home/leo/Escritorio/Uware/1_imagenes/underwater_id/documentacion_iteracion1/Ejercicios_LeopoldoCadavid.pdf (14 pages, 7553307 bytes).
PDF statistics:
 228 PDF objects out of 1000 (max. 8388607)
 152 compressed objects within 2 object streams
 43 named destinations out of 1000 (max. 500000)
 211 words of extra memory for PDF output out of 10000 (max. 10000000)

